TN:
SF:modules/accounts.js
FN:19,(anonymous_0)
FN:20,(anonymous_1)
FN:44,(anonymous_2)
FN:45,(anonymous_3)
FN:68,(anonymous_4)
FN:85,(anonymous_5)
FN:98,(anonymous_6)
FNF:7
FNH:7
FNDA:11,(anonymous_0)
FNDA:11,(anonymous_1)
FNDA:12,(anonymous_2)
FNDA:33,(anonymous_3)
FNDA:4,(anonymous_4)
FNDA:2,(anonymous_5)
FNDA:11,(anonymous_6)
DA:4,1
DA:20,11
DA:21,11
DA:24,11
DA:30,11
DA:31,11
DA:45,12
DA:46,33
DA:48,9
DA:49,9
DA:50,9
DA:51,9
DA:52,8
DA:53,8
DA:54,8
DA:55,7
DA:56,7
DA:57,7
DA:58,7
DA:69,4
DA:70,4
DA:71,4
DA:72,3
DA:73,3
DA:74,3
DA:75,3
DA:76,2
DA:86,2
DA:87,2
DA:88,2
DA:89,1
DA:90,1
DA:91,1
DA:99,11
LF:34
LH:34
BRDA:19,0,0,11
BRDA:46,1,0,3
BRDA:46,1,1,30
BRDA:51,2,0,1
BRDA:51,2,1,8
BRDA:54,3,0,1
BRDA:54,3,1,7
BRDA:71,4,0,1
BRDA:71,4,1,3
BRDA:75,5,0,1
BRDA:75,5,1,2
BRDA:88,6,0,1
BRDA:88,6,1,1
BRF:13
BRH:13
end_of_record
TN:
SF:modules/mainDishSides.js
FN:15,(anonymous_0)
FN:16,(anonymous_1)
FN:43,(anonymous_2)
FN:56,(anonymous_3)
FN:69,(anonymous_4)
FNF:5
FNH:5
FNDA:2,(anonymous_0)
FNDA:2,(anonymous_1)
FNDA:2,(anonymous_2)
FNDA:1,(anonymous_3)
FNDA:2,(anonymous_4)
DA:16,2
DA:17,2
DA:20,2
DA:31,2
DA:32,2
DA:44,2
DA:45,2
DA:46,2
DA:47,1
DA:57,1
DA:61,1
DA:62,1
DA:70,2
LF:13
LH:13
BRDA:15,0,0,2
BRDA:46,1,0,1
BRDA:46,1,1,1
BRDA:46,2,0,2
BRDA:46,2,1,2
BRF:5
BRH:5
end_of_record
TN:
SF:modules/mainDishes.js
FN:15,(anonymous_0)
FN:16,(anonymous_1)
FN:36,(anonymous_2)
FN:49,(anonymous_3)
FN:62,(anonymous_4)
FN:75,(anonymous_5)
FN:91,(anonymous_6)
FNF:7
FNH:7
FNDA:18,(anonymous_0)
FNDA:18,(anonymous_1)
FNDA:2,(anonymous_2)
FNDA:2,(anonymous_3)
FNDA:10,(anonymous_4)
FNDA:1,(anonymous_5)
FNDA:18,(anonymous_6)
DA:16,18
DA:17,18
DA:19,18
DA:26,18
DA:27,18
DA:37,2
DA:38,2
DA:39,2
DA:40,1
DA:50,2
DA:51,2
DA:52,2
DA:53,1
DA:63,10
DA:65,10
DA:66,10
DA:76,1
DA:82,1
DA:83,1
DA:92,18
LF:20
LH:20
BRDA:15,0,0,18
BRDA:39,1,0,1
BRDA:39,1,1,1
BRDA:39,2,0,2
BRDA:39,2,1,2
BRDA:52,3,0,1
BRDA:52,3,1,1
BRF:7
BRH:7
end_of_record
TN:
SF:modules/orderChoices.js
FN:15,(anonymous_0)
FN:16,(anonymous_1)
FN:41,(anonymous_2)
FN:54,(anonymous_3)
FN:76,(anonymous_4)
FN:91,(anonymous_5)
FNF:6
FNH:6
FNDA:10,(anonymous_0)
FNDA:10,(anonymous_1)
FNDA:2,(anonymous_2)
FNDA:6,(anonymous_3)
FNDA:2,(anonymous_4)
FNDA:10,(anonymous_5)
DA:16,10
DA:17,10
DA:19,10
DA:30,10
DA:31,10
DA:42,2
DA:43,2
DA:44,2
DA:45,1
DA:55,6
DA:57,6
DA:63,5
DA:64,5
DA:66,1
DA:77,2
DA:78,2
DA:79,1
DA:80,1
DA:81,1
DA:83,1
DA:92,10
LF:21
LH:21
BRDA:15,0,0,10
BRDA:44,1,0,1
BRDA:44,1,1,1
BRDA:44,2,0,2
BRDA:44,2,1,2
BRDA:78,3,0,1
BRDA:78,3,1,1
BRF:7
BRH:7
end_of_record
TN:
SF:modules/orderChoicesSides.js
FN:15,(anonymous_0)
FN:16,(anonymous_1)
FN:41,(anonymous_2)
FN:54,(anonymous_3)
FN:74,(anonymous_4)
FNF:5
FNH:5
FNDA:4,(anonymous_0)
FNDA:4,(anonymous_1)
FNDA:2,(anonymous_2)
FNDA:3,(anonymous_3)
FNDA:4,(anonymous_4)
DA:16,4
DA:17,4
DA:19,4
DA:30,4
DA:31,4
DA:42,2
DA:43,2
DA:44,2
DA:45,1
DA:55,3
DA:57,3
DA:63,2
DA:64,2
DA:66,1
DA:75,4
LF:15
LH:15
BRDA:15,0,0,4
BRDA:44,1,0,1
BRDA:44,1,1,1
BRDA:44,2,0,2
BRDA:44,2,1,2
BRF:5
BRH:5
end_of_record
TN:
SF:modules/orders.js
FN:15,(anonymous_0)
FN:16,(anonymous_1)
FN:42,(anonymous_2)
FN:56,(anonymous_3)
FN:69,(anonymous_4)
FN:92,(anonymous_5)
FN:109,(anonymous_6)
FN:119,(anonymous_7)
FNF:8
FNH:8
FNDA:21,(anonymous_0)
FNDA:21,(anonymous_1)
FNDA:3,(anonymous_2)
FNDA:3,(anonymous_3)
FNDA:12,(anonymous_4)
FNDA:2,(anonymous_5)
FNDA:1,(anonymous_6)
FNDA:21,(anonymous_7)
DA:16,21
DA:17,21
DA:20,21
DA:32,21
DA:33,21
DA:43,3
DA:44,3
DA:45,3
DA:46,3
DA:47,1
DA:57,3
DA:58,3
DA:59,3
DA:60,2
DA:70,12
DA:72,12
DA:79,10
DA:80,10
DA:82,2
DA:93,2
DA:94,2
DA:95,1
DA:96,1
DA:97,1
DA:99,1
DA:110,1
DA:111,1
DA:112,1
DA:120,21
LF:29
LH:29
BRDA:15,0,0,21
BRDA:42,1,0,2
BRDA:44,2,0,1
BRDA:44,2,1,2
BRDA:46,3,0,2
BRDA:46,3,1,1
BRDA:46,4,0,3
BRDA:46,4,1,3
BRDA:59,5,0,1
BRDA:59,5,1,2
BRDA:94,6,0,1
BRDA:94,6,1,1
BRF:12
BRH:12
end_of_record
TN:
SF:modules/roles.js
FN:15,(anonymous_0)
FN:16,(anonymous_1)
FN:31,(anonymous_2)
FN:44,(anonymous_3)
FN:56,(anonymous_4)
FNF:5
FNH:5
FNDA:8,(anonymous_0)
FNDA:8,(anonymous_1)
FNDA:2,(anonymous_2)
FNDA:3,(anonymous_3)
FNDA:5,(anonymous_4)
DA:16,8
DA:17,8
DA:19,8
DA:21,8
DA:22,8
DA:32,2
DA:33,2
DA:34,2
DA:35,1
DA:45,3
DA:46,3
DA:47,3
DA:48,1
DA:57,5
LF:14
LH:14
BRDA:15,0,0,5
BRDA:34,1,0,1
BRDA:34,1,1,1
BRDA:34,2,0,2
BRDA:34,2,1,2
BRDA:47,3,0,2
BRDA:47,3,1,1
BRF:7
BRH:7
end_of_record
TN:
SF:modules/sideDishes.js
FN:15,(anonymous_0)
FN:16,(anonymous_1)
FN:37,(anonymous_2)
FN:50,(anonymous_3)
FN:63,(anonymous_4)
FN:74,(anonymous_5)
FNF:6
FNH:6
FNDA:10,(anonymous_0)
FNDA:10,(anonymous_1)
FNDA:2,(anonymous_2)
FNDA:2,(anonymous_3)
FNDA:5,(anonymous_4)
FNDA:6,(anonymous_5)
DA:16,10
DA:17,10
DA:20,10
DA:27,10
DA:28,10
DA:38,2
DA:39,2
DA:40,2
DA:41,1
DA:51,2
DA:52,2
DA:53,2
DA:54,1
DA:64,5
DA:66,5
DA:67,5
DA:75,6
LF:17
LH:17
BRDA:15,0,0,10
BRDA:40,1,0,1
BRDA:40,1,1,1
BRDA:40,2,0,2
BRDA:40,2,1,2
BRDA:53,3,0,1
BRDA:53,3,1,1
BRF:7
BRH:7
end_of_record
TN:
SF:modules/statusCodes.js
FN:15,(anonymous_0)
FN:16,(anonymous_1)
FN:34,(anonymous_2)
FN:47,(anonymous_3)
FN:60,(anonymous_4)
FN:73,(anonymous_5)
FN:88,(anonymous_6)
FNF:7
FNH:7
FNDA:8,(anonymous_0)
FNDA:8,(anonymous_1)
FNDA:2,(anonymous_2)
FNDA:2,(anonymous_3)
FNDA:2,(anonymous_4)
FNDA:5,(anonymous_5)
FNDA:8,(anonymous_6)
DA:16,8
DA:17,8
DA:20,8
DA:24,8
DA:25,8
DA:35,2
DA:36,2
DA:37,2
DA:38,1
DA:48,2
DA:49,2
DA:50,2
DA:51,1
DA:61,2
DA:62,2
DA:63,2
DA:64,1
DA:74,5
DA:75,5
DA:76,4
DA:77,4
DA:78,4
DA:80,1
DA:89,8
LF:24
LH:24
BRDA:15,0,0,8
BRDA:37,1,0,1
BRDA:37,1,1,1
BRDA:37,2,0,2
BRDA:37,2,1,2
BRDA:50,3,0,1
BRDA:50,3,1,1
BRDA:63,4,0,1
BRDA:63,4,1,1
BRDA:75,5,0,1
BRDA:75,5,1,4
BRF:11
BRH:11
end_of_record
